Warning[205] D:\UTFPR - ENGENHARIA ELETRÙNICA\7∫ SEMESTRE\MICROCONTROLADORES\PROJETO - APS\PROJETO_ASSEMBLY_JEFFERSONGUND\MAIN.ASM 38 : Found directive in column 1. (__CONFIG)
Warning[205] D:\UTFPR - ENGENHARIA ELETRÙNICA\7∫ SEMESTRE\MICROCONTROLADORES\PROJETO - APS\PROJETO_ASSEMBLY_JEFFERSONGUND\MAIN.ASM 126 : Found directive in column 1. (ENDC)
Message[302] D:\UTFPR - ENGENHARIA ELETRÙNICA\7∫ SEMESTRE\MICROCONTROLADORES\PROJETO - APS\PROJETO_ASSEMBLY_JEFFERSONGUND\MAIN.ASM 192 : Register in operand not in bank 0.  Ensure that bank bits are correct.
Message[302] D:\UTFPR - ENGENHARIA ELETRÙNICA\7∫ SEMESTRE\MICROCONTROLADORES\PROJETO - APS\PROJETO_ASSEMBLY_JEFFERSONGUND\MAIN.ASM 194 : Register in operand not in bank 0.  Ensure that bank bits are correct.
Message[302] D:\UTFPR - ENGENHARIA ELETRÙNICA\7∫ SEMESTRE\MICROCONTROLADORES\PROJETO - APS\PROJETO_ASSEMBLY_JEFFERSONGUND\MAIN.ASM 196 : Register in operand not in bank 0.  Ensure that bank bits are correct.
Message[302] D:\UTFPR - ENGENHARIA ELETRÙNICA\7∫ SEMESTRE\MICROCONTROLADORES\PROJETO - APS\PROJETO_ASSEMBLY_JEFFERSONGUND\MAIN.ASM 198 : Register in operand not in bank 0.  Ensure that bank bits are correct.
Message[302] D:\UTFPR - ENGENHARIA ELETRÙNICA\7∫ SEMESTRE\MICROCONTROLADORES\PROJETO - APS\PROJETO_ASSEMBLY_JEFFERSONGUND\MAIN.ASM 200 : Register in operand not in bank 0.  Ensure that bank bits are correct.
Message[302] D:\UTFPR - ENGENHARIA ELETRÙNICA\7∫ SEMESTRE\MICROCONTROLADORES\PROJETO - APS\PROJETO_ASSEMBLY_JEFFERSONGUND\MAIN.ASM 207 : Register in operand not in bank 0.  Ensure that bank bits are correct.
Message[302] D:\UTFPR - ENGENHARIA ELETRÙNICA\7∫ SEMESTRE\MICROCONTROLADORES\PROJETO - APS\PROJETO_ASSEMBLY_JEFFERSONGUND\MAIN.ASM 218 : Register in operand not in bank 0.  Ensure that bank bits are correct.
Warning[203] D:\UTFPR - ENGENHARIA ELETRÙNICA\7∫ SEMESTRE\MICROCONTROLADORES\PROJETO - APS\PROJETO_ASSEMBLY_JEFFERSONGUND\MAIN.ASM 405 : Found opcode in column 1. (GOTO)
Warning[203] D:\UTFPR - ENGENHARIA ELETRÙNICA\7∫ SEMESTRE\MICROCONTROLADORES\PROJETO - APS\PROJETO_ASSEMBLY_JEFFERSONGUND\LCD_4BITS_JG.INC 28 : Found opcode in column 1. (RETURN)
Warning[203] D:\UTFPR - ENGENHARIA ELETRÙNICA\7∫ SEMESTRE\MICROCONTROLADORES\PROJETO - APS\PROJETO_ASSEMBLY_JEFFERSONGUND\LCD_4BITS_JG.INC 43 : Found opcode in column 1. (RETURN)
Warning[203] D:\UTFPR - ENGENHARIA ELETRÙNICA\7∫ SEMESTRE\MICROCONTROLADORES\PROJETO - APS\PROJETO_ASSEMBLY_JEFFERSONGUND\INICIALIZACAO.INC 45 : Found opcode in column 1. (RETURN)
Warning[203] D:\UTFPR - ENGENHARIA ELETRÙNICA\7∫ SEMESTRE\MICROCONTROLADORES\PROJETO - APS\PROJETO_ASSEMBLY_JEFFERSONGUND\INICIALIZACAO.INC 92 : Found opcode in column 1. (RETURN)
Warning[203] D:\UTFPR - ENGENHARIA ELETRÙNICA\7∫ SEMESTRE\MICROCONTROLADORES\PROJETO - APS\PROJETO_ASSEMBLY_JEFFERSONGUND\INICIALIZACAO.INC 139 : Found opcode in column 1. (RETURN)
Warning[203] D:\UTFPR - ENGENHARIA ELETRÙNICA\7∫ SEMESTRE\MICROCONTROLADORES\PROJETO - APS\PROJETO_ASSEMBLY_JEFFERSONGUND\INICIALIZACAO.INC 185 : Found opcode in column 1. (RETURN)
Warning[203] D:\UTFPR - ENGENHARIA ELETRÙNICA\7∫ SEMESTRE\MICROCONTROLADORES\PROJETO - APS\PROJETO_ASSEMBLY_JEFFERSONGUND\INICIALIZACAO.INC 231 : Found opcode in column 1. (RETURN)
Warning[203] D:\UTFPR - ENGENHARIA ELETRÙNICA\7∫ SEMESTRE\MICROCONTROLADORES\PROJETO - APS\PROJETO_ASSEMBLY_JEFFERSONGUND\INICIALIZACAO.INC 275 : Found opcode in column 1. (RETURN)
Warning[207] D:\UTFPR - ENGENHARIA ELETRÙNICA\7∫ SEMESTRE\MICROCONTROLADORES\PROJETO - APS\PROJETO_ASSEMBLY_JEFFERSONGUND\INICIALIZACAO.INC 327 : Found label after column 1. (COLORIDA)
Warning[207] D:\UTFPR - ENGENHARIA ELETRÙNICA\7∫ SEMESTRE\MICROCONTROLADORES\PROJETO - APS\PROJETO_ASSEMBLY_JEFFERSONGUND\INICIALIZACAO.INC 368 : Found label after column 1. (COBERTOR)
Warning[207] D:\UTFPR - ENGENHARIA ELETRÙNICA\7∫ SEMESTRE\MICROCONTROLADORES\PROJETO - APS\PROJETO_ASSEMBLY_JEFFERSONGUND\INICIALIZACAO.INC 410 : Found label after column 1. (DELICADA)
Warning[203] D:\UTFPR - ENGENHARIA ELETRÙNICA\7∫ SEMESTRE\MICROCONTROLADORES\PROJETO - APS\PROJETO_ASSEMBLY_JEFFERSONGUND\INICIALIZACAO.INC 450 : Found opcode in column 1. (RETURN)
Warning[207] D:\UTFPR - ENGENHARIA ELETRÙNICA\7∫ SEMESTRE\MICROCONTROLADORES\PROJETO - APS\PROJETO_ASSEMBLY_JEFFERSONGUND\INICIALIZACAO.INC 500 : Found label after column 1. (SUJA)
Warning[207] D:\UTFPR - ENGENHARIA ELETRÙNICA\7∫ SEMESTRE\MICROCONTROLADORES\PROJETO - APS\PROJETO_ASSEMBLY_JEFFERSONGUND\INICIALIZACAO.INC 541 : Found label after column 1. (MUITO_SUJA)
Warning[203] D:\UTFPR - ENGENHARIA ELETRÙNICA\7∫ SEMESTRE\MICROCONTROLADORES\PROJETO - APS\PROJETO_ASSEMBLY_JEFFERSONGUND\INICIALIZACAO.INC 582 : Found opcode in column 1. (RETURN)
Message[305] D:\UTFPR - ENGENHARIA ELETRÙNICA\7∫ SEMESTRE\MICROCONTROLADORES\PROJETO - APS\PROJETO_ASSEMBLY_JEFFERSONGUND\TECLADO_MATRICIAL.INC 29 : Using default destination of 1 (file).
Message[305] D:\UTFPR - ENGENHARIA ELETRÙNICA\7∫ SEMESTRE\MICROCONTROLADORES\PROJETO - APS\PROJETO_ASSEMBLY_JEFFERSONGUND\TECLADO_MATRICIAL.INC 96 : Using default destination of 1 (file).
Message[305] D:\UTFPR - ENGENHARIA ELETRÙNICA\7∫ SEMESTRE\MICROCONTROLADORES\PROJETO - APS\PROJETO_ASSEMBLY_JEFFERSONGUND\TECLADO_MATRICIAL.INC 171 : Using default destination of 1 (file).
Warning[207] D:\UTFPR - ENGENHARIA ELETRÙNICA\7∫ SEMESTRE\MICROCONTROLADORES\PROJETO - APS\PROJETO_ASSEMBLY_JEFFERSONGUND\TECLADO_MATRICIAL.INC 189 : Found label after column 1. (PAUSAR_)
Warning[207] D:\UTFPR - ENGENHARIA ELETRÙNICA\7∫ SEMESTRE\MICROCONTROLADORES\PROJETO - APS\PROJETO_ASSEMBLY_JEFFERSONGUND\TECLADO_MATRICIAL.INC 221 : Found label after column 1. (ETAPAS)
Warning[207] D:\UTFPR - ENGENHARIA ELETRÙNICA\7∫ SEMESTRE\MICROCONTROLADORES\PROJETO - APS\PROJETO_ASSEMBLY_JEFFERSONGUND\TECLADO_MATRICIAL.INC 249 : Found label after column 1. (TESTE_LINHA0)
Warning[207] D:\UTFPR - ENGENHARIA ELETRÙNICA\7∫ SEMESTRE\MICROCONTROLADORES\PROJETO - APS\PROJETO_ASSEMBLY_JEFFERSONGUND\TECLADO_MATRICIAL.INC 272 : Found label after column 1. (TESTA_ETAPA5)
Message[302] D:\UTFPR - ENGENHARIA ELETRÙNICA\7∫ SEMESTRE\MICROCONTROLADORES\PROJETO - APS\PROJETO_ASSEMBLY_JEFFERSONGUND\TECLADO_MATRICIAL.INC 300 : Register in operand not in bank 0.  Ensure that bank bits are correct.
Message[302] D:\UTFPR - ENGENHARIA ELETRÙNICA\7∫ SEMESTRE\MICROCONTROLADORES\PROJETO - APS\PROJETO_ASSEMBLY_JEFFERSONGUND\TECLADO_MATRICIAL.INC 304 : Register in operand not in bank 0.  Ensure that bank bits are correct.
Message[302] D:\UTFPR - ENGENHARIA ELETRÙNICA\7∫ SEMESTRE\MICROCONTROLADORES\PROJETO - APS\PROJETO_ASSEMBLY_JEFFERSONGUND\TECLADO_MATRICIAL.INC 306 : Register in operand not in bank 0.  Ensure that bank bits are correct.
Message[302] D:\UTFPR - ENGENHARIA ELETRÙNICA\7∫ SEMESTRE\MICROCONTROLADORES\PROJETO - APS\PROJETO_ASSEMBLY_JEFFERSONGUND\TECLADO_MATRICIAL.INC 307 : Register in operand not in bank 0.  Ensure that bank bits are correct.
Message[302] D:\UTFPR - ENGENHARIA ELETRÙNICA\7∫ SEMESTRE\MICROCONTROLADORES\PROJETO - APS\PROJETO_ASSEMBLY_JEFFERSONGUND\TECLADO_MATRICIAL.INC 309 : Register in operand not in bank 0.  Ensure that bank bits are correct.
Message[302] D:\UTFPR - ENGENHARIA ELETRÙNICA\7∫ SEMESTRE\MICROCONTROLADORES\PROJETO - APS\PROJETO_ASSEMBLY_JEFFERSONGUND\TECLADO_MATRICIAL.INC 311 : Register in operand not in bank 0.  Ensure that bank bits are correct.
Message[302] D:\UTFPR - ENGENHARIA ELETRÙNICA\7∫ SEMESTRE\MICROCONTROLADORES\PROJETO - APS\PROJETO_ASSEMBLY_JEFFERSONGUND\TECLADO_MATRICIAL.INC 312 : Register in operand not in bank 0.  Ensure that bank bits are correct.
Message[302] D:\UTFPR - ENGENHARIA ELETRÙNICA\7∫ SEMESTRE\MICROCONTROLADORES\PROJETO - APS\PROJETO_ASSEMBLY_JEFFERSONGUND\TECLADO_MATRICIAL.INC 313 : Register in operand not in bank 0.  Ensure that bank bits are correct.
Message[302] D:\UTFPR - ENGENHARIA ELETRÙNICA\7∫ SEMESTRE\MICROCONTROLADORES\PROJETO - APS\PROJETO_ASSEMBLY_JEFFERSONGUND\TECLADO_MATRICIAL.INC 315 : Register in operand not in bank 0.  Ensure that bank bits are correct.
Message[305] D:\UTFPR - ENGENHARIA ELETRÙNICA\7∫ SEMESTRE\MICROCONTROLADORES\PROJETO - APS\PROJETO_ASSEMBLY_JEFFERSONGUND\TECLADO_MATRICIAL.INC 317 : Using default destination of 1 (file).
Message[302] D:\UTFPR - ENGENHARIA ELETRÙNICA\7∫ SEMESTRE\MICROCONTROLADORES\PROJETO - APS\PROJETO_ASSEMBLY_JEFFERSONGUND\TECLADO_MATRICIAL.INC 334 : Register in operand not in bank 0.  Ensure that bank bits are correct.
Message[302] D:\UTFPR - ENGENHARIA ELETRÙNICA\7∫ SEMESTRE\MICROCONTROLADORES\PROJETO - APS\PROJETO_ASSEMBLY_JEFFERSONGUND\TECLADO_MATRICIAL.INC 336 : Register in operand not in bank 0.  Ensure that bank bits are correct.
Message[302] D:\UTFPR - ENGENHARIA ELETRÙNICA\7∫ SEMESTRE\MICROCONTROLADORES\PROJETO - APS\PROJETO_ASSEMBLY_JEFFERSONGUND\TECLADO_MATRICIAL.INC 337 : Register in operand not in bank 0.  Ensure that bank bits are correct.
Message[302] D:\UTFPR - ENGENHARIA ELETRÙNICA\7∫ SEMESTRE\MICROCONTROLADORES\PROJETO - APS\PROJETO_ASSEMBLY_JEFFERSONGUND\TECLADO_MATRICIAL.INC 339 : Register in operand not in bank 0.  Ensure that bank bits are correct.
Warning[203] D:\UTFPR - ENGENHARIA ELETRÙNICA\7∫ SEMESTRE\MICROCONTROLADORES\PROJETO - APS\PROJETO_ASSEMBLY_JEFFERSONGUND\TECLADO_MATRICIAL.INC 343 : Found opcode in column 1. (RETURN)
Message[305] D:\UTFPR - ENGENHARIA ELETRÙNICA\7∫ SEMESTRE\MICROCONTROLADORES\PROJETO - APS\PROJETO_ASSEMBLY_JEFFERSONGUND\TRATA_DADOS_CONVERSAO.INC 17 : Using default destination of 1 (file).
Warning[203] D:\UTFPR - ENGENHARIA ELETRÙNICA\7∫ SEMESTRE\MICROCONTROLADORES\PROJETO - APS\PROJETO_ASSEMBLY_JEFFERSONGUND\TRATA_DADOS_CONVERSAO.INC 20 : Found opcode in column 1. (RETURN)
Message[302] D:\UTFPR - ENGENHARIA ELETRÙNICA\7∫ SEMESTRE\MICROCONTROLADORES\PROJETO - APS\PROJETO_ASSEMBLY_JEFFERSONGUND\TRATA_DADOS_CONVERSAO.INC 56 : Register in operand not in bank 0.  Ensure that bank bits are correct.
Warning[203] D:\UTFPR - ENGENHARIA ELETRÙNICA\7∫ SEMESTRE\MICROCONTROLADORES\PROJETO - APS\PROJETO_ASSEMBLY_JEFFERSONGUND\TRATA_DADOS_CONVERSAO.INC 131 : Found opcode in column 1. (RETURN)
Warning[205] D:\UTFPR - ENGENHARIA ELETRÙNICA\7∫ SEMESTRE\MICROCONTROLADORES\PROJETO - APS\PROJETO_ASSEMBLY_JEFFERSONGUND\MAIN.ASM 425 : Found directive in column 1. (END)
